<?xml version="1.0" encoding="UTF-8"?>
<testng-results ignored="0" total="1" passed="0" failed="1" skipped="0">
  <reporter-output>
  </reporter-output>
  <suite started-at="2025-11-21T20:30:49 IST" name="Suite" finished-at="2025-11-21T20:31:06 IST" duration-ms="16862">
    <groups>
      <group name="cucumber">
        <method signature="AbstractTestNGCucumberTests.runScenario(io.cucumber.testng.PickleWrapper,io.cucumber.testng.FeatureWrapper)[pri:0, instance:StepDefinitions.CucumberTestRunner@206a70ef]" name="runScenario" class="io.cucumber.testng.AbstractTestNGCucumberTests"/>
      </group> <!-- cucumber -->
    </groups>
    <test started-at="2025-11-21T20:30:49 IST" name="Test" finished-at="2025-11-21T20:31:06 IST" duration-ms="16862">
      <class name="StepDefinitions.CucumberTestRunner">
        <test-method is-config="true" signature="setUpClass(org.testng.ITestContext)[pri:0, instance:StepDefinitions.CucumberTestRunner@206a70ef]" started-at="2025-11-21T20:30:49 IST" name="setUpClass" finished-at="2025-11-21T20:30:50 IST" duration-ms="786" status="PASS">
          <params>
            <param index="0">
              <value>
                <![CDATA[org.testng.TestRunner@1649b0e6]]>
              </value>
            </param>
          </params>
          <reporter-output>
          </reporter-output>
        </test-method> <!-- setUpClass -->
        <test-method signature="runScenario(io.cucumber.testng.PickleWrapper,io.cucumber.testng.FeatureWrapper)[pri:0, instance:StepDefinitions.CucumberTestRunner@206a70ef]" started-at="2025-11-21T20:30:50 IST" name="runScenario" description="Runs Cucumber Scenarios" data-provider="scenarios" finished-at="2025-11-21T20:31:06 IST" duration-ms="15934" status="FAIL">
          <params>
            <param index="0">
              <value>
                <![CDATA["Search flight on spicejet"]]>
              </value>
            </param>
            <param index="1">
              <value>
                <![CDATA["testing multiThread"]]>
              </value>
            </param>
          </params>
          <exception class="org.openqa.selenium.ElementClickInterceptedException">
            <message>
              <![CDATA[element click intercepted: Element <div class="css-76zvg2 css-bfa6kz r-homxoj r-ubezar" dir="auto" style="font-family: inherit;">...</div> is not clickable at point (168, 343). Other element would receive the click: <div class="css-1dbjc4n r-1awozwy r-13awgt0 r-1777fci">...</div>
  (Session info: MicrosoftEdge=142.0.3595.94)
Build info: version: '4.38.0', revision: '6b412e825c*'
System info: os.name: 'Windows 11', os.arch: 'amd64', os.version: '10.0', java.version: '21.0.6'
Driver info: org.openqa.selenium.edge.EdgeDriver
Command: [af010ad451c1f07ac931b607863d8319, clickElement {id=f.EE102BE08FE9D213394060755E95DB29.d.53355683358411865A7E4B7CFD879172.e.235}]
Capabilities {acceptInsecureCerts: false, browserName: MicrosoftEdge, browserVersion: 142.0.3595.94, fedcm:accounts: true, goog:processID: 1236, ms:edgeOptions: {debuggerAddress: localhost:58725}, msedge: {msedgedriverVersion: 142.0.3595.90 (dbd633f4fff1..., userDataDir: C:\Users\V\AppData\Local\Te...}, networkConnectionEnabled: false, pageLoadStrategy: normal, platformName: windows, proxy: Proxy(), se:cdp: ws://localhost:58725/devtoo..., se:cdpVersion: 142.0.3595.94, setWindowRect: true, strictFileInteractability: false, timeouts: {implicit: 0, pageLoad: 300000, script: 30000}, unhandledPromptBehavior: dismiss and notify, webauthn:extension:credBlob: true, webauthn:extension:largeBlob: true, webauthn:extension:minPinLength: true, webauthn:extension:prf: true, webauthn:virtualAuthenticators: true}
Element: [[EdgeDriver: MicrosoftEdge on windows (af010ad451c1f07ac931b607863d8319)] -> xpath: ((//div[contains(text(),'Departure Date')])[1]/following-sibling::div/div)[1]]
Session ID: af010ad451c1f07ac931b607863d8319]]>
            </message>
            <full-stacktrace>
              <![CDATA[org.openqa.selenium.ElementClickInterceptedException: element click intercepted: Element <div class="css-76zvg2 css-bfa6kz r-homxoj r-ubezar" dir="auto" style="font-family: inherit;">...</div> is not clickable at point (168, 343). Other element would receive the click: <div class="css-1dbjc4n r-1awozwy r-13awgt0 r-1777fci">...</div>
  (Session info: MicrosoftEdge=142.0.3595.94)
Build info: version: '4.38.0', revision: '6b412e825c*'
System info: os.name: 'Windows 11', os.arch: 'amd64', os.version: '10.0', java.version: '21.0.6'
Driver info: org.openqa.selenium.edge.EdgeDriver
Command: [af010ad451c1f07ac931b607863d8319, clickElement {id=f.EE102BE08FE9D213394060755E95DB29.d.53355683358411865A7E4B7CFD879172.e.235}]
Capabilities {acceptInsecureCerts: false, browserName: MicrosoftEdge, browserVersion: 142.0.3595.94, fedcm:accounts: true, goog:processID: 1236, ms:edgeOptions: {debuggerAddress: localhost:58725}, msedge: {msedgedriverVersion: 142.0.3595.90 (dbd633f4fff1..., userDataDir: C:\Users\V\AppData\Local\Te...}, networkConnectionEnabled: false, pageLoadStrategy: normal, platformName: windows, proxy: Proxy(), se:cdp: ws://localhost:58725/devtoo..., se:cdpVersion: 142.0.3595.94, setWindowRect: true, strictFileInteractability: false, timeouts: {implicit: 0, pageLoad: 300000, script: 30000}, unhandledPromptBehavior: dismiss and notify, webauthn:extension:credBlob: true, webauthn:extension:largeBlob: true, webauthn:extension:minPinLength: true, webauthn:extension:prf: true, webauthn:virtualAuthenticators: true}
Element: [[EdgeDriver: MicrosoftEdge on windows (af010ad451c1f07ac931b607863d8319)] -> xpath: ((//div[contains(text(),'Departure Date')])[1]/following-sibling::div/div)[1]]
Session ID: af010ad451c1f07ac931b607863d8319
at java.base/jdk.internal.reflect.DirectConstructorHandleAccessor.newInstance(DirectConstructorHandleAccessor.java:62)
at java.base/java.lang.reflect.Constructor.newInstanceWithCaller(Constructor.java:502)
at java.base/java.lang.reflect.Constructor.newInstance(Constructor.java:486)
at org.openqa.selenium.remote.ErrorCodec.decode(ErrorCodec.java:167)
at org.openqa.selenium.remote.codec.w3c.W3CHttpResponseCodec.decode(W3CHttpResponseCodec.java:138)
at org.openqa.selenium.remote.codec.w3c.W3CHttpResponseCodec.decode(W3CHttpResponseCodec.java:50)
at org.openqa.selenium.remote.HttpCommandExecutor.execute(HttpCommandExecutor.java:215)
at org.openqa.selenium.remote.service.DriverCommandExecutor.invokeExecute(DriverCommandExecutor.java:216)
at org.openqa.selenium.remote.service.DriverCommandExecutor.execute(DriverCommandExecutor.java:174)
at org.openqa.selenium.remote.RemoteWebDriver.execute(RemoteWebDriver.java:557)
at org.openqa.selenium.remote.RemoteWebElement.execute(RemoteWebElement.java:223)
at org.openqa.selenium.remote.RemoteWebElement.click(RemoteWebElement.java:76)
at java.base/jdk.internal.reflect.DirectMethodHandleAccessor.invoke(DirectMethodHandleAccessor.java:103)
at java.base/java.lang.reflect.Method.invoke(Method.java:580)
at org.openqa.selenium.support.pagefactory.internal.LocatingElementHandler.invoke(LocatingElementHandler.java:51)
at jdk.proxy2/jdk.proxy2.$Proxy22.click(Unknown Source)
at PageObjects.SpiceJetLoginPageObject.enterStartDate(SpiceJetLoginPageObject.java:55)
at StepDefinitions.SerachPageStepDefinitions.I_on_spicejet_enter_destination_and_start_point(SerachPageStepDefinitions.java:51)
at ✽.I select the Date of travel(file:///E:/Eclipse-Workspace/BDD-Cucumber-Parallel/StaticThreadLocalMultithread/src/test/resources/features/TestingStaticMultiThread.feature:18)
]]>
            </full-stacktrace>
          </exception> <!-- org.openqa.selenium.ElementClickInterceptedException -->
          <reporter-output>
          </reporter-output>
        </test-method> <!-- runScenario -->
        <test-method is-config="true" signature="tearDownClass()[pri:0, instance:StepDefinitions.CucumberTestRunner@206a70ef]" started-at="2025-11-21T20:31:06 IST" name="tearDownClass" finished-at="2025-11-21T20:31:06 IST" duration-ms="47" status="PASS">
          <reporter-output>
          </reporter-output>
        </test-method> <!-- tearDownClass -->
      </class> <!-- StepDefinitions.CucumberTestRunner -->
    </test> <!-- Test -->
  </suite> <!-- Suite -->
</testng-results>
