<?xml version="1.0" encoding="UTF-8"?>
<testng-results ignored="0" total="1" passed="1" failed="0" skipped="0">
  <reporter-output>
  </reporter-output>
  <suite started-at="2025-12-13T22:19:45 IST" name="Default suite" finished-at="2025-12-13T22:20:30 IST" duration-ms="44749">
    <groups>
      <group name="cucumber">
        <method signature="AbstractTestNGCucumberTests.runScenario(io.cucumber.testng.PickleWrapper,io.cucumber.testng.FeatureWrapper)[pri:0, instance:StepDefinitions.CucumberTestRunner@7ee8290b]" name="runScenario" class="io.cucumber.testng.AbstractTestNGCucumberTests"/>
      </group> <!-- cucumber -->
    </groups>
    <test started-at="2025-12-13T22:19:45 IST" name="Default test" finished-at="2025-12-13T22:20:30 IST" duration-ms="44749">
      <class name="StepDefinitions.CucumberTestRunner">
        <test-method is-config="true" signature="setUpClass(org.testng.ITestContext)[pri:0, instance:StepDefinitions.CucumberTestRunner@7ee8290b]" started-at="2025-12-13T22:19:45 IST" name="setUpClass" finished-at="2025-12-13T22:19:46 IST" duration-ms="920" status="PASS">
          <params>
            <param index="0">
              <value>
                <![CDATA[org.testng.TestRunner@439a8f59]]>
              </value>
            </param>
          </params>
          <reporter-output>
          </reporter-output>
        </test-method> <!-- setUpClass -->
        <test-method signature="runScenario(io.cucumber.testng.PickleWrapper,io.cucumber.testng.FeatureWrapper)[pri:0, instance:StepDefinitions.CucumberTestRunner@7ee8290b]" started-at="2025-12-13T22:19:46 IST" name="runScenario" description="Runs Cucumber Scenarios" data-provider="scenarios" finished-at="2025-12-13T22:20:30 IST" duration-ms="43700" status="PASS">
          <params>
            <param index="0">
              <value>
                <![CDATA["Search flight on spicejet"]]>
              </value>
            </param>
            <param index="1">
              <value>
                <![CDATA["testing multiThread application with Static ThreadLocal"]]>
              </value>
            </param>
          </params>
          <reporter-output>
          </reporter-output>
        </test-method> <!-- runScenario -->
        <test-method is-config="true" signature="tearDownClass()[pri:0, instance:StepDefinitions.CucumberTestRunner@7ee8290b]" started-at="2025-12-13T22:20:30 IST" name="tearDownClass" finished-at="2025-12-13T22:20:30 IST" duration-ms="48" status="PASS">
          <reporter-output>
          </reporter-output>
        </test-method> <!-- tearDownClass -->
      </class> <!-- StepDefinitions.CucumberTestRunner -->
    </test> <!-- Default test -->
  </suite> <!-- Default suite -->
</testng-results>
