<?xml version="1.0" encoding="UTF-8"?>
<testng-results ignored="0" total="1" passed="1" failed="0" skipped="0">
  <reporter-output>
  </reporter-output>
  <suite started-at="2025-11-21T14:14:58 IST" name="Suite" finished-at="2025-11-21T14:15:46 IST" duration-ms="47498">
    <groups>
      <group name="cucumber">
        <method signature="AbstractTestNGCucumberTests.runScenario(io.cucumber.testng.PickleWrapper,io.cucumber.testng.FeatureWrapper)[pri:0, instance:StepDefinitions.CucumberTestRunner@1757cd72]" name="runScenario" class="io.cucumber.testng.AbstractTestNGCucumberTests"/>
      </group> <!-- cucumber -->
    </groups>
    <test started-at="2025-11-21T14:14:58 IST" name="Test" finished-at="2025-11-21T14:15:46 IST" duration-ms="47498">
      <class name="StepDefinitions.CucumberTestRunner">
        <test-method is-config="true" signature="setUpClass(org.testng.ITestContext)[pri:0, instance:StepDefinitions.CucumberTestRunner@1757cd72]" started-at="2025-11-21T14:14:58 IST" name="setUpClass" finished-at="2025-11-21T14:14:59 IST" duration-ms="1063" status="PASS">
          <params>
            <param index="0">
              <value>
                <![CDATA[org.testng.TestRunner@4803b726]]>
              </value>
            </param>
          </params>
          <reporter-output>
          </reporter-output>
        </test-method> <!-- setUpClass -->
        <test-method signature="runScenario(io.cucumber.testng.PickleWrapper,io.cucumber.testng.FeatureWrapper)[pri:0, instance:StepDefinitions.CucumberTestRunner@1757cd72]" started-at="2025-11-21T14:14:59 IST" name="runScenario" description="Runs Cucumber Scenarios" data-provider="scenarios" finished-at="2025-11-21T14:15:45 IST" duration-ms="46205" status="PASS">
          <params>
            <param index="0">
              <value>
                <![CDATA["Search flight on spicejet"]]>
              </value>
            </param>
            <param index="1">
              <value>
                <![CDATA["testing multiThread"]]>
              </value>
            </param>
          </params>
          <reporter-output>
          </reporter-output>
        </test-method> <!-- runScenario -->
        <test-method is-config="true" signature="tearDownClass()[pri:0, instance:StepDefinitions.CucumberTestRunner@1757cd72]" started-at="2025-11-21T14:15:45 IST" name="tearDownClass" finished-at="2025-11-21T14:15:46 IST" duration-ms="82" status="PASS">
          <reporter-output>
          </reporter-output>
        </test-method> <!-- tearDownClass -->
      </class> <!-- StepDefinitions.CucumberTestRunner -->
    </test> <!-- Test -->
  </suite> <!-- Suite -->
</testng-results>
